{"/home/runner/work/zerocrat/zerocrat/packages/sources/utils/src/format-date.ts": {"path":"/home/runner/work/zerocrat/zerocrat/packages/sources/utils/src/format-date.ts","statementMap":{"0":{"start":{"line":2,"column":2},"end":{"line":2,"column":null}},"1":{"start":{"line":6,"column":15},"end":{"line":6,"column":33}},"2":{"start":{"line":7,"column":16},"end":{"line":7,"column":40}},"3":{"start":{"line":8,"column":14},"end":{"line":8,"column":33}},"4":{"start":{"line":10,"column":2},"end":{"line":10,"column":null}}},"fnMap":{"0":{"name":"pad","decl":{"start":{"line":1,"column":9},"end":{"line":1,"column":13}},"loc":{"start":{"line":1,"column":24},"end":{"line":2,"column":null}},"line":1},"1":{"name":"formatDate","decl":{"start":{"line":5,"column":16},"end":{"line":5,"column":27}},"loc":{"start":{"line":5,"column":47},"end":{"line":10,"column":null}},"line":5}},"branchMap":{},"s":{"0":104,"1":52,"2":52,"3":52,"4":52},"f":{"0":104,"1":52},"b":{},"meta":{"lastBranch":0,"lastFunction":2,"lastStatement":5,"seen":{"f:1:9:1:13":0,"s:2:2:2:Infinity":0,"f:5:16:5:27":1,"s:6:15:6:33":1,"s:7:16:7:40":2,"s:8:14:8:33":3,"s:10:2:10:Infinity":4}}}
,"/home/runner/work/zerocrat/zerocrat/packages/sources/utils/src/pretty-date.ts": {"path":"/home/runner/work/zerocrat/zerocrat/packages/sources/utils/src/pretty-date.ts","statementMap":{"0":{"start":{"line":4,"column":3},"end":{"line":6,"column":null}},"1":{"start":{"line":8,"column":20},"end":{"line":12,"column":null}},"2":{"start":{"line":14,"column":21},"end":{"line":18,"column":null}},"3":{"start":{"line":20,"column":22},"end":{"line":24,"column":null}},"4":{"start":{"line":26,"column":24},"end":{"line":30,"column":null}},"5":{"start":{"line":32,"column":21},"end":{"line":36,"column":null}},"6":{"start":{"line":38,"column":17},"end":{"line":43,"column":null}},"7":{"start":{"line":45,"column":18},"end":{"line":50,"column":null}},"8":{"start":{"line":52,"column":19},"end":{"line":57,"column":null}},"9":{"start":{"line":59,"column":21},"end":{"line":64,"column":null}},"10":{"start":{"line":66,"column":18},"end":{"line":71,"column":null}},"11":{"start":{"line":73,"column":20},"end":{"line":76,"column":null}},"12":{"start":{"line":79,"column":21},"end":{"line":82,"column":null}},"13":{"start":{"line":85,"column":23},"end":{"line":88,"column":null}},"14":{"start":{"line":91,"column":22},"end":{"line":94,"column":null}},"15":{"start":{"line":97,"column":20},"end":{"line":97,"column":null}},"16":{"start":{"line":100,"column":22},"end":{"line":103,"column":null}},"17":{"start":{"line":106,"column":20},"end":{"line":109,"column":null}},"18":{"start":{"line":132,"column":12},"end":{"line":132,"column":26}},"19":{"start":{"line":133,"column":2},"end":{"line":133,"column":null}},"20":{"start":{"line":134,"column":2},"end":{"line":134,"column":null}},"21":{"start":{"line":138,"column":21},"end":{"line":138,"column":null}},"22":{"start":{"line":141,"column":4},"end":{"line":141,"column":null}},"23":{"start":{"line":143,"column":12},"end":{"line":143,"column":29}},"24":{"start":{"line":144,"column":2},"end":{"line":144,"column":null}},"25":{"start":{"line":145,"column":2},"end":{"line":145,"column":null}},"26":{"start":{"line":149,"column":17},"end":{"line":149,"column":27}},"27":{"start":{"line":150,"column":8},"end":{"line":150,"column":44}},"28":{"start":{"line":152,"column":15},"end":{"line":152,"column":28}},"29":{"start":{"line":154,"column":2},"end":{"line":269,"column":null}},"30":{"start":{"line":156,"column":6},"end":{"line":156,"column":null}},"31":{"start":{"line":157,"column":6},"end":{"line":157,"column":null}},"32":{"start":{"line":161,"column":16},"end":{"line":161,"column":29}},"33":{"start":{"line":162,"column":6},"end":{"line":162,"column":null}},"34":{"start":{"line":163,"column":6},"end":{"line":163,"column":null}},"35":{"start":{"line":164,"column":6},"end":{"line":164,"column":null}},"36":{"start":{"line":168,"column":16},"end":{"line":168,"column":29}},"37":{"start":{"line":169,"column":18},"end":{"line":169,"column":null}},"38":{"start":{"line":170,"column":6},"end":{"line":170,"column":null}},"39":{"start":{"line":171,"column":6},"end":{"line":171,"column":null}},"40":{"start":{"line":172,"column":6},"end":{"line":172,"column":null}},"41":{"start":{"line":176,"column":16},"end":{"line":176,"column":29}},"42":{"start":{"line":177,"column":18},"end":{"line":177,"column":null}},"43":{"start":{"line":178,"column":6},"end":{"line":178,"column":null}},"44":{"start":{"line":179,"column":6},"end":{"line":179,"column":null}},"45":{"start":{"line":180,"column":6},"end":{"line":180,"column":null}},"46":{"start":{"line":184,"column":16},"end":{"line":184,"column":29}},"47":{"start":{"line":185,"column":6},"end":{"line":185,"column":null}},"48":{"start":{"line":186,"column":6},"end":{"line":186,"column":null}},"49":{"start":{"line":187,"column":6},"end":{"line":187,"column":null}},"50":{"start":{"line":191,"column":16},"end":{"line":191,"column":29}},"51":{"start":{"line":192,"column":6},"end":{"line":192,"column":null}},"52":{"start":{"line":193,"column":6},"end":{"line":193,"column":null}},"53":{"start":{"line":194,"column":6},"end":{"line":194,"column":null}},"54":{"start":{"line":195,"column":6},"end":{"line":195,"column":null}},"55":{"start":{"line":199,"column":16},"end":{"line":199,"column":29}},"56":{"start":{"line":200,"column":16},"end":{"line":200,"column":null}},"57":{"start":{"line":201,"column":6},"end":{"line":201,"column":null}},"58":{"start":{"line":202,"column":6},"end":{"line":202,"column":null}},"59":{"start":{"line":203,"column":6},"end":{"line":203,"column":null}},"60":{"start":{"line":204,"column":6},"end":{"line":204,"column":null}},"61":{"start":{"line":208,"column":16},"end":{"line":208,"column":29}},"62":{"start":{"line":209,"column":16},"end":{"line":209,"column":null}},"63":{"start":{"line":210,"column":6},"end":{"line":210,"column":null}},"64":{"start":{"line":211,"column":6},"end":{"line":211,"column":null}},"65":{"start":{"line":212,"column":6},"end":{"line":212,"column":null}},"66":{"start":{"line":213,"column":6},"end":{"line":213,"column":null}},"67":{"start":{"line":217,"column":16},"end":{"line":217,"column":29}},"68":{"start":{"line":218,"column":6},"end":{"line":218,"column":null}},"69":{"start":{"line":219,"column":6},"end":{"line":219,"column":null}},"70":{"start":{"line":220,"column":6},"end":{"line":220,"column":null}},"71":{"start":{"line":221,"column":6},"end":{"line":221,"column":null}},"72":{"start":{"line":225,"column":16},"end":{"line":225,"column":29}},"73":{"start":{"line":226,"column":6},"end":{"line":226,"column":null}},"74":{"start":{"line":227,"column":6},"end":{"line":227,"column":null}},"75":{"start":{"line":228,"column":6},"end":{"line":228,"column":null}},"76":{"start":{"line":229,"column":6},"end":{"line":229,"column":null}},"77":{"start":{"line":230,"column":6},"end":{"line":230,"column":null}},"78":{"start":{"line":234,"column":6},"end":{"line":234,"column":null}},"79":{"start":{"line":235,"column":6},"end":{"line":235,"column":null}},"80":{"start":{"line":239,"column":6},"end":{"line":239,"column":null}},"81":{"start":{"line":240,"column":6},"end":{"line":240,"column":null}},"82":{"start":{"line":244,"column":6},"end":{"line":244,"column":null}},"83":{"start":{"line":245,"column":6},"end":{"line":245,"column":null}},"84":{"start":{"line":249,"column":6},"end":{"line":249,"column":null}},"85":{"start":{"line":250,"column":6},"end":{"line":250,"column":null}},"86":{"start":{"line":254,"column":6},"end":{"line":254,"column":null}},"87":{"start":{"line":255,"column":6},"end":{"line":255,"column":null}},"88":{"start":{"line":259,"column":6},"end":{"line":259,"column":null}},"89":{"start":{"line":260,"column":6},"end":{"line":260,"column":null}},"90":{"start":{"line":264,"column":6},"end":{"line":264,"column":null}},"91":{"start":{"line":265,"column":6},"end":{"line":265,"column":null}},"92":{"start":{"line":269,"column":6},"end":{"line":269,"column":null}},"93":{"start":{"line":273,"column":2},"end":{"line":273,"column":null}}},"fnMap":{"0":{"name":"startOfDay","decl":{"start":{"line":131,"column":9},"end":{"line":131,"column":20}},"loc":{"start":{"line":131,"column":32},"end":{"line":134,"column":null}},"line":131},"1":{"name":"getLastWeekday","decl":{"start":{"line":137,"column":9},"end":{"line":137,"column":24}},"loc":{"start":{"line":137,"column":58},"end":{"line":145,"column":null}},"line":137},"2":{"name":"prettyDate","decl":{"start":{"line":148,"column":16},"end":{"line":148,"column":27}},"loc":{"start":{"line":148,"column":49},"end":{"line":273,"column":null}},"line":148}},"branchMap":{"0":{"loc":{"start":{"line":4,"column":3},"end":{"line":6,"column":null}},"type":"binary-expr","locations":[{"start":{"line":4,"column":3},"end":{"line":4,"column":37}},{"start":{"line":4,"column":37},"end":{"line":4,"column":null}},{"start":{"line":5,"column":2},"end":{"line":5,"column":null}},{"start":{"line":6,"column":2},"end":{"line":6,"column":null}}],"line":4},"1":{"loc":{"start":{"line":138,"column":21},"end":{"line":138,"column":null}},"type":"binary-expr","locations":[{"start":{"line":138,"column":21},"end":{"line":138,"column":37}},{"start":{"line":138,"column":41},"end":{"line":138,"column":null}}],"line":138},"2":{"loc":{"start":{"line":141,"column":4},"end":{"line":141,"column":null}},"type":"cond-expr","locations":[{"start":{"line":141,"column":31},"end":{"line":141,"column":36}},{"start":{"line":141,"column":31},"end":{"line":141,"column":null}}],"line":141},"3":{"loc":{"start":{"line":141,"column":31},"end":{"line":141,"column":null}},"type":"binary-expr","locations":[{"start":{"line":141,"column":31},"end":{"line":141,"column":71}},{"start":{"line":141,"column":71},"end":{"line":141,"column":null}}],"line":141},"4":{"loc":{"start":{"line":154,"column":2},"end":{"line":269,"column":null}},"type":"switch","locations":[{"start":{"line":155,"column":4},"end":{"line":157,"column":null}},{"start":{"line":160,"column":4},"end":{"line":164,"column":null}},{"start":{"line":167,"column":4},"end":{"line":172,"column":null}},{"start":{"line":175,"column":4},"end":{"line":180,"column":null}},{"start":{"line":183,"column":4},"end":{"line":187,"column":null}},{"start":{"line":190,"column":4},"end":{"line":195,"column":null}},{"start":{"line":198,"column":4},"end":{"line":204,"column":null}},{"start":{"line":207,"column":4},"end":{"line":213,"column":null}},{"start":{"line":216,"column":4},"end":{"line":221,"column":null}},{"start":{"line":224,"column":4},"end":{"line":230,"column":null}},{"start":{"line":233,"column":4},"end":{"line":235,"column":null}},{"start":{"line":238,"column":4},"end":{"line":240,"column":null}},{"start":{"line":243,"column":4},"end":{"line":245,"column":null}},{"start":{"line":248,"column":4},"end":{"line":250,"column":null}},{"start":{"line":253,"column":4},"end":{"line":255,"column":null}},{"start":{"line":258,"column":4},"end":{"line":260,"column":null}},{"start":{"line":263,"column":4},"end":{"line":265,"column":null}},{"start":{"line":268,"column":4},"end":{"line":269,"column":null}}],"line":154},"5":{"loc":{"start":{"line":169,"column":18},"end":{"line":169,"column":null}},"type":"binary-expr","locations":[{"start":{"line":169,"column":18},"end":{"line":169,"column":28}},{"start":{"line":169,"column":32},"end":{"line":169,"column":null}}],"line":169},"6":{"loc":{"start":{"line":177,"column":18},"end":{"line":177,"column":null}},"type":"binary-expr","locations":[{"start":{"line":177,"column":18},"end":{"line":177,"column":28}},{"start":{"line":177,"column":32},"end":{"line":177,"column":null}}],"line":177}},"s":{"0":1,"1":1,"2":1,"3":1,"4":1,"5":1,"6":1,"7":1,"8":1,"9":1,"10":1,"11":1,"12":1,"13":1,"14":1,"15":1,"16":1,"17":1,"18":24,"19":24,"20":24,"21":4,"22":4,"23":4,"24":4,"25":4,"26":26,"27":26,"28":26,"29":26,"30":2,"31":2,"32":2,"33":2,"34":2,"35":2,"36":2,"37":2,"38":2,"39":2,"40":2,"41":2,"42":2,"43":2,"44":2,"45":2,"46":2,"47":2,"48":2,"49":2,"50":2,"51":2,"52":2,"53":2,"54":2,"55":2,"56":2,"57":2,"58":2,"59":2,"60":2,"61":2,"62":2,"63":2,"64":2,"65":2,"66":2,"67":2,"68":2,"69":2,"70":2,"71":2,"72":2,"73":2,"74":2,"75":2,"76":2,"77":2,"78":2,"79":2,"80":2,"81":2,"82":0,"83":0,"84":0,"85":0,"86":0,"87":0,"88":0,"89":0,"90":0,"91":0,"92":2,"93":24},"f":{"0":24,"1":4,"2":26},"b":{"0":[1,1,0,0],"1":[4,0],"2":[1,3],"3":[3,0],"4":[2,2,2,2,2,2,2,2,2,2,2,2,0,0,0,0,0,2],"5":[2,0],"6":[2,0]},"meta":{"lastBranch":7,"lastFunction":3,"lastStatement":94,"seen":{"s:4:3:6:Infinity":0,"b:4:3:4:37:4:37:4:Infinity:5:2:5:Infinity:6:2:6:Infinity":0,"s:8:20:12:Infinity":1,"s:14:21:18:Infinity":2,"s:20:22:24:Infinity":3,"s:26:24:30:Infinity":4,"s:32:21:36:Infinity":5,"s:38:17:43:Infinity":6,"s:45:18:50:Infinity":7,"s:52:19:57:Infinity":8,"s:59:21:64:Infinity":9,"s:66:18:71:Infinity":10,"s:73:20:76:Infinity":11,"s:79:21:82:Infinity":12,"s:85:23:88:Infinity":13,"s:91:22:94:Infinity":14,"s:97:20:97:Infinity":15,"s:100:22:103:Infinity":16,"s:106:20:109:Infinity":17,"f:131:9:131:20":0,"s:132:12:132:26":18,"s:133:2:133:Infinity":19,"s:134:2:134:Infinity":20,"f:137:9:137:24":1,"s:138:21:138:Infinity":21,"b:138:21:138:37:138:41:138:Infinity":1,"s:141:4:141:Infinity":22,"b:141:31:141:36:141:31:141:Infinity":2,"b:141:31:141:71:141:71:141:Infinity":3,"s:143:12:143:29":23,"s:144:2:144:Infinity":24,"s:145:2:145:Infinity":25,"f:148:16:148:27":2,"s:149:17:149:27":26,"s:150:8:150:44":27,"s:152:15:152:28":28,"b:155:4:157:Infinity:160:4:164:Infinity:167:4:172:Infinity:175:4:180:Infinity:183:4:187:Infinity:190:4:195:Infinity:198:4:204:Infinity:207:4:213:Infinity:216:4:221:Infinity:224:4:230:Infinity:233:4:235:Infinity:238:4:240:Infinity:243:4:245:Infinity:248:4:250:Infinity:253:4:255:Infinity:258:4:260:Infinity:263:4:265:Infinity:268:4:269:Infinity":4,"s:154:2:269:Infinity":29,"s:156:6:156:Infinity":30,"s:157:6:157:Infinity":31,"s:161:16:161:29":32,"s:162:6:162:Infinity":33,"s:163:6:163:Infinity":34,"s:164:6:164:Infinity":35,"s:168:16:168:29":36,"s:169:18:169:Infinity":37,"b:169:18:169:28:169:32:169:Infinity":5,"s:170:6:170:Infinity":38,"s:171:6:171:Infinity":39,"s:172:6:172:Infinity":40,"s:176:16:176:29":41,"s:177:18:177:Infinity":42,"b:177:18:177:28:177:32:177:Infinity":6,"s:178:6:178:Infinity":43,"s:179:6:179:Infinity":44,"s:180:6:180:Infinity":45,"s:184:16:184:29":46,"s:185:6:185:Infinity":47,"s:186:6:186:Infinity":48,"s:187:6:187:Infinity":49,"s:191:16:191:29":50,"s:192:6:192:Infinity":51,"s:193:6:193:Infinity":52,"s:194:6:194:Infinity":53,"s:195:6:195:Infinity":54,"s:199:16:199:29":55,"s:200:16:200:Infinity":56,"s:201:6:201:Infinity":57,"s:202:6:202:Infinity":58,"s:203:6:203:Infinity":59,"s:204:6:204:Infinity":60,"s:208:16:208:29":61,"s:209:16:209:Infinity":62,"s:210:6:210:Infinity":63,"s:211:6:211:Infinity":64,"s:212:6:212:Infinity":65,"s:213:6:213:Infinity":66,"s:217:16:217:29":67,"s:218:6:218:Infinity":68,"s:219:6:219:Infinity":69,"s:220:6:220:Infinity":70,"s:221:6:221:Infinity":71,"s:225:16:225:29":72,"s:226:6:226:Infinity":73,"s:227:6:227:Infinity":74,"s:228:6:228:Infinity":75,"s:229:6:229:Infinity":76,"s:230:6:230:Infinity":77,"s:234:6:234:Infinity":78,"s:235:6:235:Infinity":79,"s:239:6:239:Infinity":80,"s:240:6:240:Infinity":81,"s:244:6:244:Infinity":82,"s:245:6:245:Infinity":83,"s:249:6:249:Infinity":84,"s:250:6:250:Infinity":85,"s:254:6:254:Infinity":86,"s:255:6:255:Infinity":87,"s:259:6:259:Infinity":88,"s:260:6:260:Infinity":89,"s:264:6:264:Infinity":90,"s:265:6:265:Infinity":91,"s:269:6:269:Infinity":92,"s:273:2:273:Infinity":93}}}
}
