{"/home/runner/work/zerocrat/zerocrat/packages/sources/confluence/src/utils/format-date.ts": {"path":"/home/runner/work/zerocrat/zerocrat/packages/sources/confluence/src/utils/format-date.ts","statementMap":{"0":{"start":{"line":2,"column":15},"end":{"line":2,"column":33}},"1":{"start":{"line":4,"column":16},"end":{"line":4,"column":60}},"2":{"start":{"line":5,"column":14},"end":{"line":5,"column":53}},"3":{"start":{"line":7,"column":2},"end":{"line":7,"column":null}}},"fnMap":{"0":{"name":"formatDate","decl":{"start":{"line":1,"column":16},"end":{"line":1,"column":27}},"loc":{"start":{"line":1,"column":47},"end":{"line":7,"column":null}},"line":1}},"branchMap":{},"s":{"0":4,"1":4,"2":4,"3":4},"f":{"0":4},"b":{},"meta":{"lastBranch":0,"lastFunction":1,"lastStatement":4,"seen":{"f:1:16:1:27":0,"s:2:15:2:33":0,"s:4:16:4:60":1,"s:5:14:5:53":2,"s:7:2:7:Infinity":3}}}
}
