{"total": {"lines":{"total":99,"covered":89,"skipped":0,"pct":89.89},"statements":{"total":99,"covered":89,"skipped":0,"pct":89.89},"functions":{"total":5,"covered":5,"skipped":0,"pct":100},"branches":{"total":32,"covered":21,"skipped":0,"pct":65.62},"branchesTrue":{"total":0,"covered":0,"skipped":0,"pct":"Unknown"}}
,"/home/runner/work/zerocrat/zerocrat/packages/sources/utils/src/format-date.ts": {"lines":{"total":5,"covered":5,"skipped":0,"pct":100},"functions":{"total":2,"covered":2,"skipped":0,"pct":100},"statements":{"total":5,"covered":5,"skipped":0,"pct":100},"branches":{"total":0,"covered":0,"skipped":0,"pct":100}}
,"/home/runner/work/zerocrat/zerocrat/packages/sources/utils/src/pretty-date.ts": {"lines":{"total":94,"covered":84,"skipped":0,"pct":89.36},"functions":{"total":3,"covered":3,"skipped":0,"pct":100},"statements":{"total":94,"covered":84,"skipped":0,"pct":89.36},"branches":{"total":32,"covered":21,"skipped":0,"pct":65.62}}
}
