TN:
SF:packages/sources/utils/src/format-date.ts
FN:1,pad
FN:5,formatDate
FNF:2
FNH:2
FNDA:104,pad
FNDA:52,formatDate
DA:2,104
DA:6,52
DA:7,52
DA:8,52
DA:10,52
LF:5
LH:5
BRF:0
BRH:0
end_of_record
TN:
SF:packages/sources/utils/src/pretty-date.ts
FN:131,startOfDay
FN:137,getLastWeekday
FN:148,prettyDate
FNF:3
FNH:3
FNDA:24,startOfDay
FNDA:4,getLastWeekday
FNDA:26,prettyDate
DA:4,1
DA:8,1
DA:14,1
DA:20,1
DA:26,1
DA:32,1
DA:38,1
DA:45,1
DA:52,1
DA:59,1
DA:66,1
DA:73,1
DA:79,1
DA:85,1
DA:91,1
DA:97,1
DA:100,1
DA:106,1
DA:132,24
DA:133,24
DA:134,24
DA:138,4
DA:141,4
DA:143,4
DA:144,4
DA:145,4
DA:149,26
DA:150,26
DA:152,26
DA:154,26
DA:156,2
DA:157,2
DA:161,2
DA:162,2
DA:163,2
DA:164,2
DA:168,2
DA:169,2
DA:170,2
DA:171,2
DA:172,2
DA:176,2
DA:177,2
DA:178,2
DA:179,2
DA:180,2
DA:184,2
DA:185,2
DA:186,2
DA:187,2
DA:191,2
DA:192,2
DA:193,2
DA:194,2
DA:195,2
DA:199,2
DA:200,2
DA:201,2
DA:202,2
DA:203,2
DA:204,2
DA:208,2
DA:209,2
DA:210,2
DA:211,2
DA:212,2
DA:213,2
DA:217,2
DA:218,2
DA:219,2
DA:220,2
DA:221,2
DA:225,2
DA:226,2
DA:227,2
DA:228,2
DA:229,2
DA:230,2
DA:234,2
DA:235,2
DA:239,2
DA:240,2
DA:244,0
DA:245,0
DA:249,0
DA:250,0
DA:254,0
DA:255,0
DA:259,0
DA:260,0
DA:264,0
DA:265,0
DA:269,2
DA:273,24
LF:94
LH:84
BRDA:4,0,0,1
BRDA:4,0,1,1
BRDA:4,0,2,0
BRDA:4,0,3,0
BRDA:138,1,0,4
BRDA:138,1,1,0
BRDA:141,2,0,1
BRDA:141,2,1,3
BRDA:141,3,0,3
BRDA:141,3,1,0
BRDA:154,4,0,2
BRDA:154,4,1,2
BRDA:154,4,2,2
BRDA:154,4,3,2
BRDA:154,4,4,2
BRDA:154,4,5,2
BRDA:154,4,6,2
BRDA:154,4,7,2
BRDA:154,4,8,2
BRDA:154,4,9,2
BRDA:154,4,10,2
BRDA:154,4,11,2
BRDA:154,4,12,0
BRDA:154,4,13,0
BRDA:154,4,14,0
BRDA:154,4,15,0
BRDA:154,4,16,0
BRDA:154,4,17,2
BRDA:169,5,0,2
BRDA:169,5,1,0
BRDA:177,6,0,2
BRDA:177,6,1,0
BRF:32
BRH:21
end_of_record
